#
# A fatal error has been detected by the Java Runtime Environment:
#
#  SIGSEGV (0xb) at pc=0x000000011ea35314, pid=40853, tid=775
#
# JRE version: Java(TM) SE Runtime Environment (8.0_91-b14) (build 1.8.0_91-b14)
# Java VM: Java HotSpot(TM) 64-Bit Server VM (25.91-b14 mixed mode bsd-amd64 compressed oops)
# Problematic frame:
# C  [libglass.dylib+0x5314]  -[GlassApplication applicationWillHide:]+0xd4
#
# Failed to write core dump. Core dumps have been disabled. To enable core dumping, try "ulimit -c unlimited" before starting Java again
#
# If you would like to submit a bug report, please visit:
#   http://bugreport.java.com/bugreport/crash.jsp
#

---------------  T H R E A D  ---------------

Current thread is native thread

siginfo: si_signo: 11 (SIGSEGV), si_code: 1 (SEGV_MAPERR), si_addr: 0x0000000000000000

Registers:
RAX=0x00007f894444bcc0, RBX=0x0000000000000000, RCX=0x0000000000000008, RDX=0x0000000000000000
RSP=0x00007fff5aa9f4c0, RBP=0x00007fff5aa9f8f0, RSI=0x00007fffc57319fa, RDI=0x00007f8946112078
R8 =0x00007f894444bcc0, R9 =0x0000000000000000, R10=0x00007fffe21892c0, R11=0x00007f894452c870
R12=0x00007fffdbc47b40, R13=0x000000011ea79550, R14=0x00007f894444b370, R15=0x00007f894444bcc0
RIP=0x000000011ea35314, EFLAGS=0x0000000000010202, ERR=0x0000000000000004
  TRAPNO=0x000000000000000e

Top of Stack: (sp=0x00007fff5aa9f4c0)
0x00007fff5aa9f4c0:   000000011ea352b5 00007fffc6ffda6c
0x00007fff5aa9f4d0:   00007fffc6ffd96b 00007fffc6ffd6d2
0x00007fff5aa9f4e0:   00007fffc6fbad63 00007fffc6fb9d9c
0x00007fff5aa9f4f0:   00007fffc89dfa37 00007fffc4f4ea0f
0x00007fff5aa9f500:   00007fffc4c9c8e6 00007fffc654bbe5
0x00007fff5aa9f510:   00007fffc654ae56 00007fffc6560984
0x00007fff5aa9f520:   00007fffc4b1a36c 00007fffc52942e3
0x00007fff5aa9f530:   00007fffc4b0e57d 000000012266014d
0x00007fff5aa9f540:   0000000122bd155b 00007fffc8a4a88a
0x00007fff5aa9f550:   00007fffc7007981 00007fffc6fe8a7d
0x00007fff5aa9f560:   00007fffc6fe7f76 00007fffc6fe7974
0x00007fff5aa9f570:   0000000105161463 000000010515d1ac
0x00007fff5aa9f580:   00000001051634c0 000000010515ca04
0x00007fff5aa9f590:   0000000000000007 000000011b004250
0x00007fff5aa9f5a0:   00007fff5aa9f668 00007fff5aa9fa08
0x00007fff5aa9f5b0:   00007f890000000a 000000011b004250
0x00007fff5aa9f5c0:   0000000000000000 0000000000000000
0x00007fff5aa9f5d0:   0000000000000000 0000000000000000
0x00007fff5aa9f5e0:   0000000000000000 0000000000000000
0x00007fff5aa9f5f0:   0000000000000000 0000000000000000
0x00007fff5aa9f600:   0000000000000000 0000000000000000
0x00007fff5aa9f610:   0000000000000000 0000000000000000
0x00007fff5aa9f620:   0000000000000000 0000000000000000
0x00007fff5aa9f630:   0000000000000000 0000000000000000
0x00007fff5aa9f640:   0000000000000000 0000000000000000
0x00007fff5aa9f650:   0000000000000000 0000000000000000
0x00007fff5aa9f660:   0000000000000000 0000000000000000
0x00007fff5aa9f670:   0000000000000000 0000000000000000
0x00007fff5aa9f680:   0000000000000000 0000000000000000
0x00007fff5aa9f690:   0000000000000000 0000000000000000
0x00007fff5aa9f6a0:   0000000000000000 0000000000000000
0x00007fff5aa9f6b0:   0000000000000000 0000000000000000 

Instructions: (pc=0x000000011ea35314)
0x000000011ea352f4:   8b 35 d6 f2 03 00 4c 8b 25 7f 7e 03 00 41 ff d4
0x000000011ea35304:   48 8b 35 75 f2 03 00 48 89 c7 41 ff d4 49 89 c7
0x000000011ea35314:   48 8b 03 4c 8b a8 e8 01 00 00 48 8b 05 b3 0f 04
0x000000011ea35324:   00 4d 8b 34 06 48 8b 3d c8 04 04 00 48 8b 35 d1 

Register to memory mapping:

RAX=0x00007f894444bcc0 is an unknown value
RBX=0x0000000000000000 is an unknown value
RCX=0x0000000000000008 is an unknown value
RDX=0x0000000000000000 is an unknown value
RSP=0x00007fff5aa9f4c0 is an unknown value
RBP=0x00007fff5aa9f8f0 is an unknown value
RSI=0x00007fffc57319fa: __NSStyleNameIndexTable+0x773a9 in /System/Library/Frameworks/AppKit.framework/Versions/C/AppKit at 0x00007fffc4ad3000
RDI=0x00007f8946112078 is an unknown value
R8 =0x00007f894444bcc0 is an unknown value
R9 =0x0000000000000000 is an unknown value
R10=0x00007fffe21892c0: OBJC_CLASS_$_NSAutoreleasePool+0 in /System/Library/Frameworks/Foundation.framework/Versions/C/Foundation at 0x00007fffc89d9000
R11=0x00007f894452c870 is an unknown value
R12=0x00007fffdbc47b40: objc_msgSend+0 in /usr/lib/libobjc.A.dylib at 0x00007fffdbc41000
R13=0x000000011ea79550: jEnv+0 in /Library/Java/JavaVirtualMachines/jdk1.8.0_91.jdk/Contents/Home/jre/lib/libglass.dylib at 0x000000011ea30000
R14=0x00007f894444b370 is an unknown value
R15=0x00007f894444bcc0 is an unknown value


Stack: [0x00007fff5a2a5000,0x00007fff5aaa5000],  sp=0x00007fff5aa9f4c0,  free space=8169k
Native frames: (J=compiled Java code, j=interpreted, Vv=VM code, C=native code)
C  [libglass.dylib+0x5314]  -[GlassApplication applicationWillHide:]+0xd4
C  [CoreFoundation+0x9da6c]  __CFNOTIFICATIONCENTER_IS_CALLING_OUT_TO_AN_OBSERVER__+0xc
C  [CoreFoundation+0x9d96b]  _CFXRegistrationPost+0x1ab
C  [CoreFoundation+0x9d6d2]  ___CFXNotificationPost_block_invoke+0x32
C  [CoreFoundation+0x5ad63]  -[_CFXNotificationRegistrar find:object:observer:enumerator:]+0x723
C  [CoreFoundation+0x59d9c]  _CFXNotificationPost+0x25c
C  [Foundation+0x6a37]  -[NSNotificationCenter postNotificationName:object:userInfo:]+0x42
C  [AppKit+0x47ba0f]  -[NSApplication _doHideMaybeFakingIt:]+0x104
C  [AppKit+0x1c98e6]  _hideShowHandler+0x93
C  [HIToolbox+0x8be5]  DispatchEventToHandlers(EventTargetRec*, OpaqueEventRef*, HandlerCallRec*)+0x6ac
C  [HIToolbox+0x7e56]  SendEventToEventTargetInternal(OpaqueEventRef*, OpaqueEventTargetRef*, HandlerCallRec*)+0x1ac
C  [HIToolbox+0x1d984]  SendEventToEventTarget+0x28
C  [AppKit+0x4736c]  _DPSNextEvent+0xbd0
C  [AppKit+0x7c12e3]  -[NSApplication(NSEvent) _nextEventMatchingEventMask:untilDate:inMode:dequeue:]+0xae5
C  [AppKit+0x3b57d]  -[NSApplication run]+0x39e
C  [libosxapp.dylib+0x214d]  +[NSApplicationAWT runAWTLoopWithApp:]+0x9c
C  [libawt_lwawt.dylib+0x4455b]  -[AWTStarter starter:]+0x389
C  [Foundation+0x7188a]  __NSThreadPerformPerform+0x146
C  [CoreFoundation+0xa7981]  __CFRUNLOOP_IS_CALLING_OUT_TO_A_SOURCE0_PERFORM_FUNCTION__+0x11
C  [CoreFoundation+0x88a7d]  __CFRunLoopDoSources0+0x22d
C  [CoreFoundation+0x87f76]  __CFRunLoopRun+0x3a6
C  [CoreFoundation+0x87974]  CFRunLoopRunSpecific+0x1a4
C  [java+0x6463]  CreateExecutionEnvironment+0x367
C  [java+0x21ac]  JLI_Launch+0x7a0
C  [java+0x84c0]  main+0x65
C  [java+0x1a04]  start+0x34


---------------  P R O C E S S  ---------------

VM state:not at safepoint (normal execution)

VM Mutex/Monitor currently owned by a thread: None

Heap:
 PSYoungGen      total 38400K, used 16570K [0x0000000795580000, 0x000000079a080000, 0x00000007c0000000)
  eden space 33280K, 34% used [0x0000000795580000,0x00000007960b4a90,0x0000000797600000)
  from space 5120K, 99% used [0x0000000797600000,0x0000000797afa0e0,0x0000000797b00000)
  to   space 5120K, 0% used [0x0000000799b80000,0x0000000799b80000,0x000000079a080000)
 ParOldGen       total 87552K, used 9059K [0x0000000740000000, 0x0000000745580000, 0x0000000795580000)
  object space 87552K, 10% used [0x0000000740000000,0x00000007408d8c20,0x0000000745580000)
 Metaspace       used 19930K, capacity 20412K, committed 20736K, reserved 1067008K
  class space    used 2330K, capacity 2484K, committed 2560K, reserved 1048576K

Card table byte_map: [0x0000000115fc0000,0x00000001163c1000] byte_map_base: 0x00000001125c0000

Marking Bits: (ParMarkBitMap*) 0x0000000105cb3eb0
 Begin Bits: [0x000000011666c000, 0x000000011866c000)
 End Bits:   [0x000000011866c000, 0x000000011a66c000)

Polling page: 0x00000001052dc000

CodeCache: size=245760Kb used=6618Kb max_used=6618Kb free=239142Kb
 bounds [0x0000000106c00000, 0x00000001072c0000, 0x0000000115c00000]
 total_blobs=2347 nmethods=1638 adapters=630
 compilation: enabled

Compilation events (10 events):
Event: 29.839 Thread 0x00007f8945044800 nmethod 1812 0x0000000106e46210 code [0x0000000106e46360, 0x0000000106e46470]
Event: 29.848 Thread 0x00007f8945015000 nmethod 1811 0x0000000106da3c90 code [0x0000000106da3e80, 0x0000000106da4ce0]
Event: 29.929 Thread 0x00007f8945044800 1813       3       jdk.internal.org.objectweb.asm.AnnotationVisitor::<init> (35 bytes)
Event: 29.929 Thread 0x00007f8945044800 nmethod 1813 0x0000000106e22310 code [0x0000000106e224a0, 0x0000000106e227c8]
Event: 29.929 Thread 0x00007f8945044800 1814       3       jdk.internal.org.objectweb.asm.AnnotationWriter::visitEnd (43 bytes)
Event: 29.930 Thread 0x00007f8945044800 nmethod 1814 0x0000000106e21e90 code [0x0000000106e22000, 0x0000000106e221f0]
Event: 29.930 Thread 0x00007f8945044800 1815       3       sun.reflect.ReflectionFactory::checkInitted (19 bytes)
Event: 29.930 Thread 0x00007f8945044800 nmethod 1815 0x0000000106de1b50 code [0x0000000106de1ce0, 0x0000000106de1fa8]
Event: 29.930 Thread 0x00007f8945044800 1816       3       sun.nio.cs.UTF_8$Decoder::decode (779 bytes)
Event: 29.934 Thread 0x00007f8945044800 nmethod 1816 0x0000000106e0f210 code [0x0000000106e0f8e0, 0x0000000106e14578]

GC Heap History (6 events):
Event: 0.970 GC heap before
{Heap before GC invocations=1 (full 0):
 PSYoungGen      total 38400K, used 33238K [0x0000000795580000, 0x0000000798000000, 0x00000007c0000000)
  eden space 33280K, 99% used [0x0000000795580000,0x00000007975f5888,0x0000000797600000)
  from space 5120K, 0% used [0x0000000797b00000,0x0000000797b00000,0x0000000798000000)
  to   space 5120K, 0% used [0x0000000797600000,0x0000000797600000,0x0000000797b00000)
 ParOldGen       total 87552K, used 0K [0x0000000740000000, 0x0000000745580000, 0x0000000795580000)
  object space 87552K, 0% used [0x0000000740000000,0x0000000740000000,0x0000000745580000)
 Metaspace       used 10507K, capacity 10960K, committed 11264K, reserved 1058816K
  class space    used 1321K, capacity 1479K, committed 1536K, reserved 1048576K
Event: 0.975 GC heap after
Heap after GC invocations=1 (full 0):
 PSYoungGen      total 38400K, used 4687K [0x0000000795580000, 0x0000000798000000, 0x00000007c0000000)
  eden space 33280K, 0% used [0x0000000795580000,0x0000000795580000,0x0000000797600000)
  from space 5120K, 91% used [0x0000000797600000,0x0000000797a93de0,0x0000000797b00000)
  to   space 5120K, 0% used [0x0000000797b00000,0x0000000797b00000,0x0000000798000000)
 ParOldGen       total 87552K, used 72K [0x0000000740000000, 0x0000000745580000, 0x0000000795580000)
  object space 87552K, 0% used [0x0000000740000000,0x0000000740012010,0x0000000745580000)
 Metaspace       used 10507K, capacity 10960K, committed 11264K, reserved 1058816K
  class space    used 1321K, capacity 1479K, committed 1536K, reserved 1048576K
}
Event: 1.513 GC heap before
{Heap before GC invocations=2 (full 0):
 PSYoungGen      total 38400K, used 37967K [0x0000000795580000, 0x0000000798000000, 0x00000007c0000000)
  eden space 33280K, 100% used [0x0000000795580000,0x0000000797600000,0x0000000797600000)
  from space 5120K, 91% used [0x0000000797600000,0x0000000797a93de0,0x0000000797b00000)
  to   space 5120K, 0% used [0x0000000797b00000,0x0000000797b00000,0x0000000798000000)
 ParOldGen       total 87552K, used 72K [0x0000000740000000, 0x0000000745580000, 0x0000000795580000)
  object space 87552K, 0% used [0x0000000740000000,0x0000000740012010,0x0000000745580000)
 Metaspace       used 16107K, capacity 16558K, committed 16640K, reserved 1064960K
  class space    used 1892K, capacity 2044K, committed 2048K, reserved 1048576K
Event: 1.529 GC heap after
Heap after GC invocations=2 (full 0):
 PSYoungGen      total 38400K, used 5106K [0x0000000795580000, 0x000000079a080000, 0x00000007c0000000)
  eden space 33280K, 0% used [0x0000000795580000,0x0000000795580000,0x0000000797600000)
  from space 5120K, 99% used [0x0000000797b00000,0x0000000797ffc900,0x0000000798000000)
  to   space 5120K, 0% used [0x0000000797600000,0x0000000797600000,0x0000000797b00000)
 ParOldGen       total 87552K, used 4320K [0x0000000740000000, 0x0000000745580000, 0x0000000795580000)
  object space 87552K, 4% used [0x0000000740000000,0x0000000740438290,0x0000000745580000)
 Metaspace       used 16107K, capacity 16558K, committed 16640K, reserved 1064960K
  class space    used 1892K, capacity 2044K, committed 2048K, reserved 1048576K
}
Event: 2.201 GC heap before
{Heap before GC invocations=3 (full 0):
 PSYoungGen      total 38400K, used 38386K [0x0000000795580000, 0x000000079a080000, 0x00000007c0000000)
  eden space 33280K, 100% used [0x0000000795580000,0x0000000797600000,0x0000000797600000)
  from space 5120K, 99% used [0x0000000797b00000,0x0000000797ffc900,0x0000000798000000)
  to   space 5120K, 0% used [0x0000000797600000,0x0000000797600000,0x0000000797b00000)
 ParOldGen       total 87552K, used 4320K [0x0000000740000000, 0x0000000745580000, 0x0000000795580000)
  object space 87552K, 4% used [0x0000000740000000,0x0000000740438290,0x0000000745580000)
 Metaspace       used 18907K, capacity 19462K, committed 19840K, reserved 1067008K
  class space    used 2176K, capacity 2349K, committed 2432K, reserved 1048576K
Event: 2.221 GC heap after
Heap after GC invocations=3 (full 0):
 PSYoungGen      total 38400K, used 5096K [0x0000000795580000, 0x000000079a080000, 0x00000007c0000000)
  eden space 33280K, 0% used [0x0000000795580000,0x0000000795580000,0x0000000797600000)
  from space 5120K, 99% used [0x0000000797600000,0x0000000797afa0e0,0x0000000797b00000)
  to   space 5120K, 0% used [0x0000000799b80000,0x0000000799b80000,0x000000079a080000)
 ParOldGen       total 87552K, used 9059K [0x0000000740000000, 0x0000000745580000, 0x0000000795580000)
  object space 87552K, 10% used [0x0000000740000000,0x00000007408d8c20,0x0000000745580000)
 Metaspace       used 18907K, capacity 19462K, committed 19840K, reserved 1067008K
  class space    used 2176K, capacity 2349K, committed 2432K, reserved 1048576K
}

Deoptimization events (10 events):
Event: 2.313 Thread 0x00007f8946114000 Uncommon trap: reason=class_check action=maybe_recompile pc=0x00000001070930b0 method=java.util.HashMap.putVal(ILjava/lang/Object;Ljava/lang/Object;ZZ)Ljava/lang/Object; @ 253
Event: 27.140 Thread 0x00007f8946114000 Uncommon trap: reason=bimorphic action=maybe_recompile pc=0x00000001071baa58 method=org.codehaus.groovy.reflection.ParameterTypes.coerceArgumentsToClasses([Ljava/lang/Object;)[Ljava/lang/Object; @ 43
Event: 27.140 Thread 0x00007f8946114000 Uncommon trap: reason=unstable_if action=reinterpret pc=0x0000000106d1c028 method=org.codehaus.groovy.runtime.ScriptBytecodeAdapter.compareEqual(Ljava/lang/Object;Ljava/lang/Object;)Z @ 2
Event: 27.216 Thread 0x00007f8946114000 Uncommon trap: reason=unstable_if action=reinterpret pc=0x0000000106e3f918 method=sun.nio.cs.UTF_8$Decoder.decode([BII[C)I @ 30
Event: 29.093 Thread 0x00007f8946114000 Uncommon trap: reason=null_check action=make_not_entrant pc=0x0000000107247a0c method=org.codehaus.groovy.reflection.ClassInfo.getLocalClassInfoMap()Lorg/codehaus/groovy/reflection/ClassInfo$LocalMap; @ 6
Event: 29.095 Thread 0x00007f8946114000 Uncommon trap: reason=unstable_if action=reinterpret pc=0x0000000106d1f1fc method=org.codehaus.groovy.runtime.MetaClassHelper.getClassWithNullAndWrapper(Ljava/lang/Object;)Ljava/lang/Class; @ 10
Event: 29.095 Thread 0x00007f8946114000 Uncommon trap: reason=unstable_if action=reinterpret pc=0x00000001071cb24c method=org.codehaus.groovy.runtime.MetaClassHelper.getClassWithNullAndWrapper(Ljava/lang/Object;)Ljava/lang/Class; @ 10
Event: 29.095 Thread 0x00007f8946114000 Uncommon trap: reason=unstable_if action=reinterpret pc=0x0000000106dad2e4 method=org.codehaus.groovy.runtime.MetaClassHelper.unwrap([Ljava/lang/Object;)V @ 14
Event: 29.095 Thread 0x00007f8946114000 Uncommon trap: reason=unstable_if action=reinterpret pc=0x000000010710999c method=org.codehaus.groovy.runtime.MetaClassHelper.getClassWithNullAndWrapper(Ljava/lang/Object;)Ljava/lang/Class; @ 10
Event: 29.737 Thread 0x00007f8946114000 Uncommon trap: reason=unstable_if action=reinterpret pc=0x0000000106e52f74 method=org.codehaus.groovy.reflection.stdclasses.IntegerCachedClass.coerceArgument(Ljava/lang/Object;)Ljava/lang/Object; @ 4

Internal exceptions (10 events):
Event: 2.758 Thread 0x00007f8946114000 Exception <a 'java/lang/reflect/InvocationTargetException'> (0x0000000795ca0d98) thrown at [/Users/java_re/workspace/8-2-build-macosx-x86_64/jdk8u91/6644/hotspot/src/share/vm/runtime/reflection.cpp, line 1092]
Event: 2.838 Thread 0x00007f8946114000 Exception <a 'java/lang/ClassNotFoundException': DUMMYBeanInfo> (0x0000000795d7f4f0) thrown at [/Users/java_re/workspace/8-2-build-macosx-x86_64/jdk8u91/6644/hotspot/src/share/vm/classfile/systemDictionary.cpp, line 210]
Event: 2.838 Thread 0x00007f8946114000 Exception <a 'java/lang/ClassNotFoundException': DUMMYCustomizer> (0x0000000795d8c0e0) thrown at [/Users/java_re/workspace/8-2-build-macosx-x86_64/jdk8u91/6644/hotspot/src/share/vm/classfile/systemDictionary.cpp, line 210]
Event: 2.861 Thread 0x00007f8946114000 Exception <a 'java/lang/reflect/InvocationTargetException'> (0x0000000795da5758) thrown at [/Users/java_re/workspace/8-2-build-macosx-x86_64/jdk8u91/6644/hotspot/src/share/vm/runtime/reflection.cpp, line 1092]
Event: 22.194 Thread 0x00007f8946114000 Exception <a 'java/lang/ClassNotFoundException': InodeBeanInfo> (0x0000000795ddf8c8) thrown at [/Users/java_re/workspace/8-2-build-macosx-x86_64/jdk8u91/6644/hotspot/src/share/vm/classfile/systemDictionary.cpp, line 210]
Event: 22.197 Thread 0x00007f8946114000 Exception <a 'java/lang/ClassNotFoundException': InodeCustomizer> (0x0000000795de8358) thrown at [/Users/java_re/workspace/8-2-build-macosx-x86_64/jdk8u91/6644/hotspot/src/share/vm/classfile/systemDictionary.cpp, line 210]
Event: 29.093 Thread 0x00007f8946114000 Implicit null exception at 0x000000010723de46 to 0x00000001072479d9
Event: 29.094 Thread 0x00007f8946114000 Exception <a 'java/lang/ClassNotFoundException': java/lang/ByteBeanInfo> (0x0000000795e3afc0) thrown at [/Users/java_re/workspace/8-2-build-macosx-x86_64/jdk8u91/6644/hotspot/src/share/vm/classfile/systemDictionary.cpp, line 210]
Event: 29.095 Thread 0x00007f8946114000 Exception <a 'java/lang/ClassNotFoundException': java/lang/ByteCustomizer> (0x0000000795e40b70) thrown at [/Users/java_re/workspace/8-2-build-macosx-x86_64/jdk8u91/6644/hotspot/src/share/vm/classfile/systemDictionary.cpp, line 210]
Event: 29.746 Thread 0x00007f8946114000 Exception <a 'java/lang/reflect/InvocationTargetException'> (0x0000000795ecdeb8) thrown at [/Users/java_re/workspace/8-2-build-macosx-x86_64/jdk8u91/6644/hotspot/src/share/vm/runtime/reflection.cpp, line 1092]

Events (10 events):
Event: 29.929 loading class java/lang/ProcessEnvironment
Event: 29.929 loading class java/lang/ProcessEnvironment done
Event: 29.929 loading class java/lang/ProcessEnvironment$Variable
Event: 29.930 loading class java/lang/ProcessEnvironment$ExternalData
Event: 29.930 loading class java/lang/ProcessEnvironment$ExternalData done
Event: 29.930 loading class java/lang/ProcessEnvironment$Variable done
Event: 29.930 loading class java/lang/ProcessEnvironment$Value
Event: 29.930 loading class java/lang/ProcessEnvironment$Value done
Event: 29.930 loading class java/lang/ProcessEnvironment$StringEnvironment
Event: 29.930 loading class java/lang/ProcessEnvironment$StringEnvironment done


Dynamic libraries:
0x0000000051c36000 	/System/Library/Frameworks/Cocoa.framework/Versions/A/Cocoa
0x0000000051c36000 	/System/Library/Frameworks/Security.framework/Versions/A/Security
0x0000000051c36000 	/System/Library/Frameworks/ApplicationServices.framework/Versions/A/ApplicationServices
0x0000000051c36000 	/usr/lib/libz.1.dylib
0x0000000051c36000 	/usr/lib/libSystem.B.dylib
0x0000000051c36000 	/usr/lib/libobjc.A.dylib
0x0000000051c36000 	/System/Library/Frameworks/CoreFoundation.framework/Versions/A/CoreFoundation
0x0000000051c36000 	/System/Library/Frameworks/Foundation.framework/Versions/C/Foundation
0x0000000051c36000 	/System/Library/Frameworks/AppKit.framework/Versions/C/AppKit
0x0000000051c36000 	/System/Library/Frameworks/CoreData.framework/Versions/A/CoreData
0x0000000051c36000 	/System/Library/PrivateFrameworks/RemoteViewServices.framework/Versions/A/RemoteViewServices
0x0000000051c36000 	/System/Library/PrivateFrameworks/UIFoundation.framework/Versions/A/UIFoundation
0x0000000051c36000 	/System/Library/PrivateFrameworks/DFRFoundation.framework/Versions/A/DFRFoundation
0x0000000051c36000 	/usr/lib/libenergytrace.dylib
0x0000000051c36000 	/System/Library/PrivateFrameworks/SkyLight.framework/Versions/A/SkyLight
0x0000000051c36000 	/System/Library/Frameworks/CoreGraphics.framework/Versions/A/CoreGraphics
0x0000000051c36000 	/usr/lib/libScreenReader.dylib
0x0000000051c36000 	/System/Library/Frameworks/Accelerate.framework/Versions/A/Accelerate
0x0000000051c36000 	/System/Library/Frameworks/IOSurface.framework/Versions/A/IOSurface
0x0000000051c36000 	/System/Library/Frameworks/AudioToolbox.framework/Versions/A/AudioToolbox
0x0000000051c36000 	/System/Library/Frameworks/AudioUnit.framework/Versions/A/AudioUnit
0x0000000051c36000 	/System/Library/PrivateFrameworks/DataDetectorsCore.framework/Versions/A/DataDetectorsCore
0x0000000051c36000 	/System/Library/PrivateFrameworks/DesktopServicesPriv.framework/Versions/A/DesktopServicesPriv
0x0000000051c36000 	/System/Library/Frameworks/Carbon.framework/Versions/A/Frameworks/HIToolbox.framework/Versions/A/HIToolbox
0x0000000051c36000 	/usr/lib/libicucore.A.dylib
0x0000000051c36000 	/System/Library/Frameworks/QuartzCore.framework/Versions/A/QuartzCore
0x0000000051c36000 	/System/Library/Frameworks/Carbon.framework/Versions/A/Frameworks/SpeechRecognition.framework/Versions/A/SpeechRecognition
0x0000000051c36000 	/usr/lib/libauto.dylib
0x0000000051c36000 	/usr/lib/libxml2.2.dylib
0x0000000051c36000 	/System/Library/PrivateFrameworks/CoreUI.framework/Versions/A/CoreUI
0x0000000051c36000 	/System/Library/Frameworks/CoreAudio.framework/Versions/A/CoreAudio
0x0000000051c36000 	/System/Library/Frameworks/DiskArbitration.framework/Versions/A/DiskArbitration
0x0000000051c36000 	/usr/lib/liblangid.dylib
0x0000000051c36000 	/System/Library/PrivateFrameworks/MultitouchSupport.framework/Versions/A/MultitouchSupport
0x0000000051c36000 	/System/Library/Frameworks/IOKit.framework/Versions/A/IOKit
0x0000000051c36000 	/usr/lib/libDiagnosticMessagesClient.dylib
0x0000000051c36000 	/System/Library/Frameworks/CoreServices.framework/Versions/A/CoreServices
0x0000000051c36000 	/System/Library/PrivateFrameworks/PerformanceAnalysis.framework/Versions/A/PerformanceAnalysis
0x0000000051c36000 	/System/Library/PrivateFrameworks/GenerationalStorage.framework/Versions/A/GenerationalStorage
0x0000000051c36000 	/System/Library/Frameworks/OpenGL.framework/Versions/A/OpenGL
0x0000000051c36000 	/System/Library/Frameworks/CoreImage.framework/Versions/A/CoreImage
0x0000000051c36000 	/System/Library/Frameworks/CoreText.framework/Versions/A/CoreText
0x0000000051c36000 	/System/Library/Frameworks/ImageIO.framework/Versions/A/ImageIO
0x0000000051c36000 	/System/Library/PrivateFrameworks/Backup.framework/Versions/A/Backup
0x0000000051c36000 	/usr/lib/libarchive.2.dylib
0x0000000051c36000 	/System/Library/Frameworks/CFNetwork.framework/Versions/A/CFNetwork
0x0000000051c36000 	/System/Library/Frameworks/SystemConfiguration.framework/Versions/A/SystemConfiguration
0x0000000051c36000 	/usr/lib/libCRFSuite.dylib
0x0000000051c36000 	/usr/lib/libc++.1.dylib
0x0000000051c36000 	/usr/lib/libc++abi.dylib
0x0000000051c36000 	/usr/lib/system/libcache.dylib
0x0000000051c36000 	/usr/lib/system/libcommonCrypto.dylib
0x0000000051c36000 	/usr/lib/system/libcompiler_rt.dylib
0x0000000051c36000 	/usr/lib/system/libcopyfile.dylib
0x0000000051c36000 	/usr/lib/system/libcorecrypto.dylib
0x0000000051c36000 	/usr/lib/system/libdispatch.dylib
0x0000000051c36000 	/usr/lib/system/libdyld.dylib
0x0000000051c36000 	/usr/lib/system/libkeymgr.dylib
0x0000000051c36000 	/usr/lib/system/liblaunch.dylib
0x0000000051c36000 	/usr/lib/system/libmacho.dylib
0x0000000051c36000 	/usr/lib/system/libquarantine.dylib
0x0000000051c36000 	/usr/lib/system/libremovefile.dylib
0x0000000051c36000 	/usr/lib/system/libsystem_asl.dylib
0x0000000051c36000 	/usr/lib/system/libsystem_blocks.dylib
0x0000000051c36000 	/usr/lib/system/libsystem_c.dylib
0x0000000051c36000 	/usr/lib/system/libsystem_configuration.dylib
0x0000000051c36000 	/usr/lib/system/libsystem_coreservices.dylib
0x0000000051c36000 	/usr/lib/system/libsystem_coretls.dylib
0x0000000051c36000 	/usr/lib/system/libsystem_dnssd.dylib
0x0000000051c36000 	/usr/lib/system/libsystem_info.dylib
0x0000000051c36000 	/usr/lib/system/libsystem_kernel.dylib
0x0000000051c36000 	/usr/lib/system/libsystem_m.dylib
0x0000000051c36000 	/usr/lib/system/libsystem_malloc.dylib
0x0000000051c36000 	/usr/lib/system/libsystem_network.dylib
0x0000000051c36000 	/usr/lib/system/libsystem_networkextension.dylib
0x0000000051c36000 	/usr/lib/system/libsystem_notify.dylib
0x0000000051c36000 	/usr/lib/system/libsystem_platform.dylib
0x0000000051c36000 	/usr/lib/system/libsystem_pthread.dylib
0x0000000051c36000 	/usr/lib/system/libsystem_sandbox.dylib
0x0000000051c36000 	/usr/lib/system/libsystem_secinit.dylib
0x0000000051c36000 	/usr/lib/system/libsystem_symptoms.dylib
0x0000000051c36000 	/usr/lib/system/libsystem_trace.dylib
0x0000000051c36000 	/usr/lib/system/libunwind.dylib
0x0000000051c36000 	/usr/lib/system/libxpc.dylib
0x0000000051c36000 	/usr/lib/libbsm.0.dylib
0x0000000051c36000 	/usr/lib/system/libkxld.dylib
0x0000000051c36000 	/usr/lib/libcoretls.dylib
0x0000000051c36000 	/usr/lib/libcoretls_cfhelpers.dylib
0x0000000051c36000 	/usr/lib/libxar.1.dylib
0x0000000051c36000 	/usr/lib/libsqlite3.dylib
0x0000000051c36000 	/usr/lib/libpam.2.dylib
0x0000000051c36000 	/usr/lib/libOpenScriptingUtil.dylib
0x0000000051c36000 	/usr/lib/libbz2.1.0.dylib
0x0000000051c36000 	/usr/lib/liblzma.5.dylib
0x0000000051c36000 	/usr/lib/libnetwork.dylib
0x0000000051c36000 	/usr/lib/libpcap.A.dylib
0x0000000051c36000 	/System/Library/Frameworks/CoreServices.framework/Versions/A/Frameworks/FSEvents.framework/Versions/A/FSEvents
0x0000000051c36000 	/System/Library/Frameworks/CoreServices.framework/Versions/A/Frameworks/CarbonCore.framework/Versions/A/CarbonCore
0x0000000051c36000 	/System/Library/Frameworks/CoreServices.framework/Versions/A/Frameworks/Metadata.framework/Versions/A/Metadata
0x0000000051c36000 	/System/Library/Frameworks/CoreServices.framework/Versions/A/Frameworks/OSServices.framework/Versions/A/OSServices
0x0000000051c36000 	/System/Library/Frameworks/CoreServices.framework/Versions/A/Frameworks/SearchKit.framework/Versions/A/SearchKit
0x0000000051c36000 	/System/Library/Frameworks/CoreServices.framework/Versions/A/Frameworks/AE.framework/Versions/A/AE
0x0000000051c36000 	/System/Library/Frameworks/CoreServices.framework/Versions/A/Frameworks/LaunchServices.framework/Versions/A/LaunchServices
0x0000000051c36000 	/System/Library/Frameworks/CoreServices.framework/Versions/A/Frameworks/DictionaryServices.framework/Versions/A/DictionaryServices
0x0000000051c36000 	/System/Library/Frameworks/CoreServices.framework/Versions/A/Frameworks/SharedFileList.framework/Versions/A/SharedFileList
0x0000000051c36000 	/System/Library/Frameworks/NetFS.framework/Versions/A/NetFS
0x0000000051c36000 	/System/Library/PrivateFrameworks/NetAuth.framework/Versions/A/NetAuth
0x0000000051c36000 	/System/Library/PrivateFrameworks/login.framework/Versions/A/Frameworks/loginsupport.framework/Versions/A/loginsupport
0x0000000051c36000 	/System/Library/PrivateFrameworks/TCC.framework/Versions/A/TCC
0x0000000051c36000 	/usr/lib/libmecabra.dylib
0x0000000051c36000 	/System/Library/Frameworks/ApplicationServices.framework/Versions/A/Frameworks/ATS.framework/Versions/A/ATS
0x0000000051c36000 	/System/Library/Frameworks/ApplicationServices.framework/Versions/A/Frameworks/ColorSync.framework/Versions/A/ColorSync
0x0000000051c36000 	/System/Library/Frameworks/ApplicationServices.framework/Versions/A/Frameworks/HIServices.framework/Versions/A/HIServices
0x0000000051c36000 	/System/Library/Frameworks/ApplicationServices.framework/Versions/A/Frameworks/LangAnalysis.framework/Versions/A/LangAnalysis
0x0000000051c36000 	/System/Library/Frameworks/ApplicationServices.framework/Versions/A/Frameworks/PrintCore.framework/Versions/A/PrintCore
0x0000000051c36000 	/System/Library/Frameworks/ApplicationServices.framework/Versions/A/Frameworks/QD.framework/Versions/A/QD
0x0000000051c36000 	/System/Library/Frameworks/ApplicationServices.framework/Versions/A/Frameworks/SpeechSynthesis.framework/Versions/A/SpeechSynthesis
0x0000000051c36000 	/System/Library/Frameworks/Accelerate.framework/Versions/A/Frameworks/vImage.framework/Versions/A/vImage
0x0000000051c36000 	/System/Library/Frameworks/Accelerate.framework/Versions/A/Frameworks/vecLib.framework/Versions/A/vecLib
0x0000000051c36000 	/System/Library/Frameworks/Accelerate.framework/Versions/A/Frameworks/vecLib.framework/Versions/A/libvDSP.dylib
0x0000000051c36000 	/System/Library/Frameworks/Accelerate.framework/Versions/A/Frameworks/vecLib.framework/Versions/A/libBNNS.dylib
0x0000000051c36000 	/System/Library/Frameworks/Accelerate.framework/Versions/A/Frameworks/vecLib.framework/Versions/A/libQuadrature.dylib
0x0000000051c36000 	/System/Library/Frameworks/Accelerate.framework/Versions/A/Frameworks/vecLib.framework/Versions/A/libvMisc.dylib
0x0000000051c36000 	/System/Library/Frameworks/Accelerate.framework/Versions/A/Frameworks/vecLib.framework/Versions/A/libLAPACK.dylib
0x0000000051c36000 	/System/Library/Frameworks/Accelerate.framework/Versions/A/Frameworks/vecLib.framework/Versions/A/libBLAS.dylib
0x0000000051c36000 	/System/Library/Frameworks/Accelerate.framework/Versions/A/Frameworks/vecLib.framework/Versions/A/libLinearAlgebra.dylib
0x0000000051c36000 	/System/Library/Frameworks/Accelerate.framework/Versions/A/Frameworks/vecLib.framework/Versions/A/libSparseBLAS.dylib
0x0000000051c36000 	/System/Library/Frameworks/ApplicationServices.framework/Versions/A/Frameworks/ATS.framework/Versions/A/Resources/libFontParser.dylib
0x0000000051c36000 	/System/Library/Frameworks/ApplicationServices.framework/Versions/A/Frameworks/ATS.framework/Versions/A/Resources/libFontRegistry.dylib
0x0000000051c36000 	/System/Library/Frameworks/ImageIO.framework/Versions/A/Resources/libJPEG.dylib
0x0000000051c36000 	/System/Library/Frameworks/ImageIO.framework/Versions/A/Resources/libTIFF.dylib
0x0000000051c36000 	/System/Library/Frameworks/ImageIO.framework/Versions/A/Resources/libPng.dylib
0x0000000051c36000 	/System/Library/Frameworks/ImageIO.framework/Versions/A/Resources/libGIF.dylib
0x0000000051c36000 	/System/Library/Frameworks/ImageIO.framework/Versions/A/Resources/libJP2.dylib
0x0000000051c36000 	/System/Library/Frameworks/ImageIO.framework/Versions/A/Resources/libRadiance.dylib
0x0000000051c36000 	/usr/lib/libcompression.dylib
0x0000000051c36000 	/System/Library/PrivateFrameworks/AppleJPEG.framework/Versions/A/AppleJPEG
0x0000000051c36000 	/usr/lib/libcups.2.dylib
0x0000000051c36000 	/System/Library/Frameworks/Kerberos.framework/Versions/A/Kerberos
0x0000000051c36000 	/System/Library/Frameworks/GSS.framework/Versions/A/GSS
0x0000000051c36000 	/usr/lib/libresolv.9.dylib
0x0000000051c36000 	/usr/lib/libiconv.2.dylib
0x0000000051c36000 	/System/Library/PrivateFrameworks/Heimdal.framework/Versions/A/Heimdal
0x0000000051c36000 	/usr/lib/libheimdal-asn1.dylib
0x0000000051c36000 	/System/Library/Frameworks/OpenDirectory.framework/Versions/A/OpenDirectory
0x0000000051c36000 	/System/Library/PrivateFrameworks/CommonAuth.framework/Versions/A/CommonAuth
0x0000000051c36000 	/System/Library/Frameworks/OpenDirectory.framework/Versions/A/Frameworks/CFOpenDirectory.framework/Versions/A/CFOpenDirectory
0x0000000051c36000 	/System/Library/Frameworks/SecurityFoundation.framework/Versions/A/SecurityFoundation
0x0000000051c36000 	/System/Library/PrivateFrameworks/LanguageModeling.framework/Versions/A/LanguageModeling
0x0000000051c36000 	/usr/lib/libmarisa.dylib
0x0000000051c36000 	/usr/lib/libChineseTokenizer.dylib
0x0000000051c36000 	/usr/lib/libcmph.dylib
0x0000000051c36000 	/System/Library/PrivateFrameworks/CoreEmoji.framework/Versions/A/CoreEmoji
0x0000000051c36000 	/System/Library/Frameworks/ServiceManagement.framework/Versions/A/ServiceManagement
0x0000000051c36000 	/usr/lib/libxslt.1.dylib
0x0000000051c36000 	/System/Library/Frameworks/Carbon.framework/Versions/A/Frameworks/Ink.framework/Versions/A/Ink
0x0000000051c36000 	/System/Library/PrivateFrameworks/TextureIO.framework/Versions/A/TextureIO
0x0000000051c36000 	/System/Library/Frameworks/Metal.framework/Versions/A/Metal
0x0000000051c36000 	/usr/lib/libate.dylib
0x0000000051c36000 	/System/Library/PrivateFrameworks/GPUCompiler.framework/libmetal_timestamp.dylib
0x0000000051c36000 	/System/Library/Frameworks/OpenGL.framework/Versions/A/Libraries/libCoreFSCache.dylib
0x0000000051c36000 	/System/Library/PrivateFrameworks/IOAccelerator.framework/Versions/A/IOAccelerator
0x0000000051c36000 	/System/Library/Frameworks/CoreVideo.framework/Versions/A/CoreVideo
0x0000000051c36000 	/usr/lib/libFosl_dynamic.dylib
0x0000000051c36000 	/System/Library/PrivateFrameworks/MetalPerformanceShaders.framework/Versions/A/MetalPerformanceShaders
0x0000000051c36000 	/System/Library/PrivateFrameworks/FaceCore.framework/Versions/A/FaceCore
0x0000000051c36000 	/System/Library/Frameworks/OpenCL.framework/Versions/A/OpenCL
0x0000000051c36000 	/System/Library/Frameworks/OpenGL.framework/Versions/A/Libraries/libGLU.dylib
0x0000000051c36000 	/System/Library/Frameworks/OpenGL.framework/Versions/A/Libraries/libGFXShared.dylib
0x0000000051c36000 	/System/Library/Frameworks/OpenGL.framework/Versions/A/Libraries/libGL.dylib
0x0000000051c36000 	/System/Library/Frameworks/OpenGL.framework/Versions/A/Libraries/libGLImage.dylib
0x0000000051c36000 	/System/Library/Frameworks/OpenGL.framework/Versions/A/Libraries/libCVMSPluginSupport.dylib
0x0000000051c36000 	/System/Library/Frameworks/OpenGL.framework/Versions/A/Libraries/libCoreVMClient.dylib
0x0000000051c36000 	/System/Library/PrivateFrameworks/CrashReporterSupport.framework/Versions/A/CrashReporterSupport
0x0000000051c36000 	/System/Library/PrivateFrameworks/Sharing.framework/Versions/A/Sharing
0x0000000051c36000 	/System/Library/PrivateFrameworks/IconServices.framework/Versions/A/IconServices
0x0000000051c36000 	/System/Library/PrivateFrameworks/ProtocolBuffer.framework/Versions/A/ProtocolBuffer
0x0000000051c36000 	/System/Library/PrivateFrameworks/Apple80211.framework/Versions/A/Apple80211
0x0000000051c36000 	/System/Library/Frameworks/CoreWLAN.framework/Versions/A/CoreWLAN
0x0000000051c36000 	/System/Library/PrivateFrameworks/CoreUtils.framework/Versions/A/CoreUtils
0x0000000051c36000 	/System/Library/Frameworks/IOBluetooth.framework/Versions/A/IOBluetooth
0x0000000051c36000 	/System/Library/PrivateFrameworks/CoreWiFi.framework/Versions/A/CoreWiFi
0x0000000051c36000 	/System/Library/Frameworks/CoreBluetooth.framework/Versions/A/CoreBluetooth
0x0000000051c36000 	/System/Library/Frameworks/CoreDisplay.framework/Versions/A/CoreDisplay
0x0000000051c36000 	/System/Library/PrivateFrameworks/IOPresentment.framework/Versions/A/IOPresentment
0x0000000051c36000 	/System/Library/PrivateFrameworks/DebugSymbols.framework/Versions/A/DebugSymbols
0x0000000051c36000 	/System/Library/PrivateFrameworks/CoreSymbolication.framework/Versions/A/CoreSymbolication
0x0000000051c36000 	/System/Library/PrivateFrameworks/Symbolication.framework/Versions/A/Symbolication
0x0000000051c36000 	/System/Library/PrivateFrameworks/AppleFSCompression.framework/Versions/A/AppleFSCompression
0x0000000051c36000 	/System/Library/PrivateFrameworks/SpeechRecognitionCore.framework/Versions/A/SpeechRecognitionCore
0x0000000051c36000 	/System/Library/PrivateFrameworks/ChunkingLibrary.framework/Versions/A/ChunkingLibrary
0x000000004aeaa000 	/System/Library/CoreServices/Encodings/libCyrillicConverter.dylib
0x00000001053cd000 	/Library/Java/JavaVirtualMachines/jdk1.8.0_91.jdk/Contents/Home/jre/lib/server/libjvm.dylib
0x00000001051e0000 	/usr/lib/libstdc++.6.dylib
0x0000000105299000 	/Library/Java/JavaVirtualMachines/jdk1.8.0_91.jdk/Contents/Home/jre/lib/libverify.dylib
0x00000001052a7000 	/Library/Java/JavaVirtualMachines/jdk1.8.0_91.jdk/Contents/Home/jre/lib/libjava.dylib
0x00000001052dd000 	/Library/Java/JavaVirtualMachines/jdk1.8.0_91.jdk/Contents/Home/jre/lib/libjdwp.dylib
0x0000000105328000 	/Library/Java/JavaVirtualMachines/jdk1.8.0_91.jdk/Contents/Home/jre/lib/libnpt.dylib
0x0000000106361000 	/Library/Java/JavaVirtualMachines/jdk1.8.0_91.jdk/Contents/Home/jre/lib/libinstrument.dylib
0x0000000105336000 	/Library/Java/JavaVirtualMachines/jdk1.8.0_91.jdk/Contents/Home/jre/lib/libzip.dylib
0x000000011c4f2000 	/System/Library/Frameworks/JavaVM.framework/Frameworks/JavaRuntimeSupport.framework/JavaRuntimeSupport
0x000000011c50c000 	/System/Library/Frameworks/JavaVM.framework/Versions/A/Frameworks/JavaNativeFoundation.framework/Versions/A/JavaNativeFoundation
0x000000011c521000 	/System/Library/Frameworks/JavaVM.framework/Versions/A/JavaVM
0x0000000051c36000 	/System/Library/Frameworks/Carbon.framework/Versions/A/Carbon
0x000000011c52e000 	/System/Library/PrivateFrameworks/JavaLaunching.framework/Versions/A/JavaLaunching
0x0000000051c36000 	/System/Library/Frameworks/Carbon.framework/Versions/A/Frameworks/CommonPanels.framework/Versions/A/CommonPanels
0x0000000051c36000 	/System/Library/Frameworks/Carbon.framework/Versions/A/Frameworks/Help.framework/Versions/A/Help
0x0000000051c36000 	/System/Library/Frameworks/Carbon.framework/Versions/A/Frameworks/ImageCapture.framework/Versions/A/ImageCapture
0x0000000051c36000 	/System/Library/Frameworks/Carbon.framework/Versions/A/Frameworks/OpenScripting.framework/Versions/A/OpenScripting
0x0000000051c36000 	/System/Library/Frameworks/Carbon.framework/Versions/A/Frameworks/Print.framework/Versions/A/Print
0x0000000051c36000 	/System/Library/Frameworks/Carbon.framework/Versions/A/Frameworks/SecurityHI.framework/Versions/A/SecurityHI
0x000000011de3a000 	/Library/Java/JavaVirtualMachines/jdk1.8.0_91.jdk/Contents/Home/jre/lib/libdt_socket.dylib
0x000000011e119000 	/Library/Java/JavaVirtualMachines/jdk1.8.0_91.jdk/Contents/Home/jre/lib/libprism_es2.dylib
0x000000011e17f000 	/System/Library/Frameworks/OpenGL.framework/Resources/GLEngine.bundle/GLEngine
0x000000011e363000 	/System/Library/Frameworks/OpenGL.framework/Versions/A/Libraries/libGLProgrammability.dylib
0x0000000051c36000 	/System/Library/Extensions/GeForceGLDriver.bundle/Contents/MacOS/GeForceGLDriver
0x0000000051c36000 	/System/Library/Extensions/GeForceGLDriver.bundle/Contents/MacOS/libclh.dylib
0x0000000051c36000 	/System/Library/PrivateFrameworks/GPUSupport.framework/Versions/A/Libraries/libGPUSupportMercury.dylib
0x000000011e795000 	/System/Library/Frameworks/OpenGL.framework/Resources//GLRendererFloat.bundle/GLRendererFloat
0x0000000051c36000 	/System/Library/Frameworks/OpenCL.framework/Versions/A/Libraries/libcldcpuengine.dylib
0x0000000051c36000 	/usr/lib/libcrypto.0.9.8.dylib
0x0000000051c36000 	/System/Library/PrivateFrameworks/TrustEvaluationAgent.framework/Versions/A/TrustEvaluationAgent
0x000000011ea30000 	/Library/Java/JavaVirtualMachines/jdk1.8.0_91.jdk/Contents/Home/jre/lib/libglass.dylib
0x0000000051c36000 	/System/Library/PrivateFrameworks/CoreServicesInternal.framework/Versions/A/CoreServicesInternal
0x0000000051c36000 	/System/Library/CoreServices/RawCamera.bundle/Contents/MacOS/RawCamera
0x000000011ebb3000 	/System/Library/Frameworks/Accelerate.framework/Frameworks/vImage.framework/Versions/A/Libraries/libCGInterfaces.dylib
0x0000000051c36000 	/System/Library/PrivateFrameworks/FamilyControls.framework/Versions/A/FamilyControls
0x0000000051c36000 	/System/Library/PrivateFrameworks/CommerceKit.framework/Versions/A/Frameworks/CommerceCore.framework/Versions/A/CommerceCore
0x0000000051c36000 	/System/Library/PrivateFrameworks/SystemAdministration.framework/Versions/A/SystemAdministration
0x0000000051c36000 	/System/Library/PrivateFrameworks/AppContainer.framework/Versions/A/AppContainer
0x0000000051c36000 	/System/Library/PrivateFrameworks/SecCodeWrapper.framework/Versions/A/SecCodeWrapper
0x0000000051c36000 	/System/Library/Frameworks/DirectoryService.framework/Versions/A/DirectoryService
0x0000000051c36000 	/System/Library/PrivateFrameworks/DiskImages.framework/Versions/A/DiskImages
0x0000000051c36000 	/System/Library/PrivateFrameworks/LoginUIKit.framework/Versions/A/Frameworks/LoginUICore.framework/Versions/A/LoginUICore
0x0000000051c36000 	/usr/lib/libCoreStorage.dylib
0x0000000051c36000 	/usr/lib/libcsfde.dylib
0x0000000051c36000 	/usr/lib/libodfde.dylib
0x0000000051c36000 	/System/Library/Frameworks/DiscRecording.framework/Versions/A/DiscRecording
0x0000000051c36000 	/usr/lib/libcurl.4.dylib
0x0000000051c36000 	/System/Library/PrivateFrameworks/MediaKit.framework/Versions/A/MediaKit
0x0000000051c36000 	/System/Library/PrivateFrameworks/ProtectedCloudStorage.framework/Versions/A/ProtectedCloudStorage
0x0000000051c36000 	/System/Library/PrivateFrameworks/EFILogin.framework/Versions/A/EFILogin
0x0000000051c36000 	/usr/lib/libutil.dylib
0x0000000051c36000 	/System/Library/Frameworks/LDAP.framework/Versions/A/LDAP
0x0000000051c36000 	/usr/lib/libsasl2.2.dylib
0x0000000051c36000 	/System/Library/PrivateFrameworks/CoreDaemon.framework/Versions/B/CoreDaemon
0x0000000051c36000 	/System/Library/PrivateFrameworks/AppleSRP.framework/Versions/A/AppleSRP
0x0000000051c36000 	/System/Library/PrivateFrameworks/APFS.framework/Versions/A/APFS
0x0000000051c36000 	/System/Library/Frameworks/ApplicationServices.framework/Versions/A/Frameworks/ATS.framework/Versions/A/Resources/libTrueTypeScaler.dylib
0x0000000051c36000 	/System/Library/Extensions/GeForceMTLDriver.bundle/Contents/MacOS/GeForceMTLDriver
0x0000000051c36000 	/System/Library/Extensions/GeForceAIRPlugin.bundle/Contents/MacOS/GeForceAIRPlugin
0x0000000051c36000 	/System/Library/PrivateFrameworks/GPUCompiler.framework//Versions/A/Libraries/libLLVMContainer.dylib
0x00000001223e3000 	/Library/Java/JavaVirtualMachines/jdk1.8.0_91.jdk/Contents/Home/jre/lib/libawt.dylib
0x0000000122ac1000 	/Library/Java/JavaVirtualMachines/jdk1.8.0_91.jdk/Contents/Home/jre/lib/./libmlib_image.dylib
0x0000000122b8d000 	/Library/Java/JavaVirtualMachines/jdk1.8.0_91.jdk/Contents/Home/jre/lib/libawt_lwawt.dylib
0x000000012265e000 	/Library/Java/JavaVirtualMachines/jdk1.8.0_91.jdk/Contents/Home/jre/lib/./libosxapp.dylib
0x0000000051c36000 	/System/Library/Frameworks/ExceptionHandling.framework/Versions/A/ExceptionHandling

VM Arguments:
jvm_args: -agentlib:jdwp=transport=dt_socket,address=127.0.0.1:50665,suspend=y,server=n -javaagent:/Users/stanislavtyrsa/Library/Caches/IntelliJIdea2016.1/groovyHotSwap/gragent.jar -Dfile.encoding=UTF-8 
java_command: launcher
java_class_path (initial): /Library/Java/JavaVirtualMachines/jdk1.8.0_91.jdk/Contents/Home/jre/lib/charsets.jar:/Library/Java/JavaVirtualMachines/jdk1.8.0_91.jdk/Contents/Home/jre/lib/deploy.jar:/Library/Java/JavaVirtualMachines/jdk1.8.0_91.jdk/Contents/Home/jre/lib/ext/cldrdata.jar:/Library/Java/JavaVirtualMachines/jdk1.8.0_91.jdk/Contents/Home/jre/lib/ext/dnsns.jar:/Library/Java/JavaVirtualMachines/jdk1.8.0_91.jdk/Contents/Home/jre/lib/ext/jaccess.jar:/Library/Java/JavaVirtualMachines/jdk1.8.0_91.jdk/Contents/Home/jre/lib/ext/jfxrt.jar:/Library/Java/JavaVirtualMachines/jdk1.8.0_91.jdk/Contents/Home/jre/lib/ext/localedata.jar:/Library/Java/JavaVirtualMachines/jdk1.8.0_91.jdk/Contents/Home/jre/lib/ext/nashorn.jar:/Library/Java/JavaVirtualMachines/jdk1.8.0_91.jdk/Contents/Home/jre/lib/ext/sunec.jar:/Library/Java/JavaVirtualMachines/jdk1.8.0_91.jdk/Contents/Home/jre/lib/ext/sunjce_provider.jar:/Library/Java/JavaVirtualMachines/jdk1.8.0_91.jdk/Contents/Home/jre/lib/ext/sunpkcs11.jar:/Library/Java/JavaVirtualMachines/jdk1.8.0_91.jdk/Contents/Home/jre/lib/ext/zipfs.jar:/Library/Java/JavaVirtualMachines/jdk1.8.0_91.jdk/Contents/Home/jre/lib/javaws.jar:/Library/Java/JavaVirtualMachines/jdk1.8.0_91.jdk/Contents/Home/jre/lib/jce.jar:/Library/Java/JavaVirtualMachines/jdk1.8.0_91.jdk/Contents/Home/jre/lib/jfr.jar:/Library/Java/JavaVirtualMachines/jdk1.8.0_91.jdk/Contents/Home/jre/lib/jfxswt.jar:/Library/Java/JavaVirtualMachines/jdk1.8.0_91.jdk/Contents/Home/jre/lib/jsse.jar:/Library/Java/JavaVirtualMachines/jdk1.8.0_91.jdk/Contents/Home/jre/lib/management-agent.jar:/Library/Java/JavaVirtualMachines/jdk1.8.0_91.jdk/Contents/Home/jre/lib/plugin.jar:/Library/Java/JavaVirtualMachines/jdk1.8.0_91.jdk/Contents/Home/jre/lib/resources.jar:/Library/Java/JavaVirtualMachines/jdk1.8.0_91.jdk/Contents/Home/jre/lib/rt.jar:/Library/Java/JavaVirtualMachines/jdk1.8.0_91.jdk/Contents/Home/lib/ant-javafx.jar:/Library/Java/JavaVirtualMachines/jdk1.8.0_91.jdk/Contents/Home/lib/dt.jar:/Library/Ja
Launcher Type: SUN_STANDARD

Environment Variables:
PATH=/usr/local/bin:/usr/bin:/bin:/usr/sbin:/sbin:/opt/X11/bin
SHELL=/bin/bash
DISPLAY=/private/tmp/com.apple.launchd.2ikj5UWym1/org.macosforge.xquartz:0

Signal Handlers:
SIGSEGV: [libjvm.dylib+0x5a97a1], sa_mask[0]=11111111011111110111111111111111, sa_flags=SA_ONSTACK|SA_RESTART|SA_SIGINFO
SIGBUS: [libjvm.dylib+0x5a97a1], sa_mask[0]=11111111011111110111111111111111, sa_flags=SA_RESTART|SA_SIGINFO
SIGFPE: [libjvm.dylib+0x482594], sa_mask[0]=11111111011111110111111111111111, sa_flags=SA_RESTART|SA_SIGINFO
SIGPIPE: [libjvm.dylib+0x482594], sa_mask[0]=11111111011111110111111111111111, sa_flags=SA_RESTART|SA_SIGINFO
SIGXFSZ: [libjvm.dylib+0x482594], sa_mask[0]=11111111011111110111111111111111, sa_flags=SA_RESTART|SA_SIGINFO
SIGILL: [libjvm.dylib+0x482594], sa_mask[0]=11111111011111110111111111111111, sa_flags=SA_RESTART|SA_SIGINFO
SIGUSR1: SIG_DFL, sa_mask[0]=00000000000000000000000000000000, sa_flags=none
SIGUSR2: [libjvm.dylib+0x4820b2], sa_mask[0]=00100000000000000000000000000000, sa_flags=SA_RESTART|SA_SIGINFO
SIGHUP: [libjvm.dylib+0x480689], sa_mask[0]=11111111011111110111111111111111, sa_flags=SA_RESTART|SA_SIGINFO
SIGINT: [libjvm.dylib+0x480689], sa_mask[0]=11111111011111110111111111111111, sa_flags=SA_RESTART|SA_SIGINFO
SIGTERM: [libjvm.dylib+0x480689], sa_mask[0]=11111111011111110111111111111111, sa_flags=SA_RESTART|SA_SIGINFO
SIGQUIT: [libjvm.dylib+0x480689], sa_mask[0]=11111111011111110111111111111111, sa_flags=SA_RESTART|SA_SIGINFO


---------------  S Y S T E M  ---------------

OS:Bsduname:Darwin 16.3.0 Darwin Kernel Version 16.3.0: Wed Nov  9 19:52:37 PST 2016; root:xnu-3789.31.1~4/RELEASE_X86_64 x86_64
rlimit: STACK 8192k, CORE 0k, NPROC 709, NOFILE 10240, AS infinity
load average:1.59 1.96 1.94

CPU:total 4 (4 cores per cpu, 1 threads per core) family 6 model 60 stepping 3, cmov, cx8, fxsr, mmx, sse, sse2, sse3, ssse3, sse4.1, sse4.2, popcnt, avx, avx2, aes, clmul, erms, rtm, lzcnt, tsc, tscinvbit, bmi1, bmi2

Memory: 4k page, physical 8388608k(355824k free)

/proc/meminfo:


vm_info: Java HotSpot(TM) 64-Bit Server VM (25.91-b14) for bsd-amd64 JRE (1.8.0_91-b14), built on Apr  1 2016 01:03:00 by "java_re" with gcc 4.2.1 (Based on Apple Inc. build 5658) (LLVM build 2336.11.00)

time: Tue Nov 22 22:21:27 2016
elapsed time: 30 seconds (0d 0h 0m 30s)

